<?xml version="1.0" encoding="UTF-8"?>
<!-- Generated by org.testng.reporters.JUnitReportReporter -->
<testsuite skipped="0" hostname="LAPTOP-QQO8ETHD" name="appiumExampleDemo.CaseStudy" tests="1" failures="0" timestamp="15 Jan 2021 22:17:40 GMT" time="56.324" errors="0">
  <testcase name="TestCase1" time="56.324" classname="appiumExampleDemo.CaseStudy"/>
</testsuite> <!-- appiumExampleDemo.CaseStudy -->
