<?xml version="1.0" encoding="UTF-8"?>
<!-- Generated by org.testng.reporters.JUnitReportReporter -->
<testsuite skipped="0" hostname="LAPTOP-QQO8ETHD" name="appiumExampleDemo.Web" tests="1" failures="0" timestamp="13 Jan 2021 04:09:07 GMT" time="34.373" errors="0">
  <testcase name="TestCase1" time="34.373" classname="appiumExampleDemo.Web"/>
</testsuite> <!-- appiumExampleDemo.Web -->
